<?xml version="1.0" encoding="UTF-8"?>
<!-- Generated by org.testng.reporters.JUnitReportReporter -->
<testsuite hostname="AP-OTOteSrTg1T0" failures="0" tests="1" name="cucumberOptions.testngTestRunner" time="40.076" errors="0" timestamp="2024-10-08T18:46:32 IST" skipped="0">
  <testcase classname="cucumberOptions.testngTestRunner" name="runScenario" time="40.076"/>
  <system-out/>
</testsuite> <!-- cucumberOptions.testngTestRunner -->
