<?xml version="1.0" encoding="UTF-8"?>
<!-- Generated by org.testng.reporters.JUnitReportReporter -->
<testsuite hostname="AP-OTOteSrTg1T0" failures="0" tests="5" name="cucumberOptions.testngTestRunner" time="183.127" errors="0" timestamp="2024-10-05T23:02:27 IST" skipped="0">
  <testcase classname="cucumberOptions.testngTestRunner" name="runScenario" time="34.254"/>
  <system-out/>
  <testcase classname="cucumberOptions.testngTestRunner" name="runScenario" time="46.421"/>
  <system-out/>
  <testcase classname="cucumberOptions.testngTestRunner" name="runScenario" time="15.897"/>
  <system-out/>
  <testcase classname="cucumberOptions.testngTestRunner" name="runScenario" time="38.232"/>
  <system-out/>
  <testcase classname="cucumberOptions.testngTestRunner" name="runScenario" time="48.323"/>
  <system-out/>
</testsuite> <!-- cucumberOptions.testngTestRunner -->
