<?xml version="1.0" encoding="UTF-8"?>
<!-- Generated by org.testng.reporters.JUnitReportReporter -->
<testsuite hostname="AP-OTOteSrTg1T0" failures="0" tests="1" name="cucumber.testngTestRunner" time="43.213" errors="0" timestamp="2024-09-23T19:05:39 IST" skipped="0">
  <testcase classname="cucumber.testngTestRunner" name="runScenario" time="43.213"/>
  <system-out/>
</testsuite> <!-- cucumber.testngTestRunner -->
