<?xml version="1.0" encoding="UTF-8"?>
<!-- Generated by org.testng.reporters.JUnitReportReporter -->
<testsuite hostname="AP-OTOteSrTg1T0" failures="0" tests="1" name="cucumberOptions.testngTestRunner" time="39.710" errors="0" timestamp="2024-10-29T15:43:23 IST" skipped="0">
  <testcase classname="cucumberOptions.testngTestRunner" name="runScenario" time="39.710"/>
  <system-out/>
</testsuite> <!-- cucumberOptions.testngTestRunner -->
