<?xml version="1.0" encoding="UTF-8"?>
<!-- Generated by org.testng.reporters.JUnitReportReporter -->
<testsuite hostname="AP-OTOteSrTg1T0" failures="0" tests="5" name="cucumberOptions.testngTestRunner" time="167.682" errors="0" timestamp="2024-10-07T17:09:09 IST" skipped="0">
  <testcase classname="cucumberOptions.testngTestRunner" name="runScenario" time="33.544"/>
  <system-out/>
  <testcase classname="cucumberOptions.testngTestRunner" name="runScenario" time="47.176"/>
  <system-out/>
  <testcase classname="cucumberOptions.testngTestRunner" name="runScenario" time="35.020"/>
  <system-out/>
  <testcase classname="cucumberOptions.testngTestRunner" name="runScenario" time="21.434"/>
  <system-out/>
  <testcase classname="cucumberOptions.testngTestRunner" name="runScenario" time="30.508"/>
  <system-out/>
</testsuite> <!-- cucumberOptions.testngTestRunner -->
