<?xml version="1.0" encoding="UTF-8"?>
<!-- Generated by org.testng.reporters.JUnitReportReporter -->
<testsuite hostname="AP-OTOteSrTg1T0" failures="0" tests="5" name="cucumber.testngTestRunner" time="185.118" errors="0" timestamp="2024-09-29T18:02:39 IST" skipped="0">
  <testcase classname="cucumber.testngTestRunner" name="runScenario" time="32.077"/>
  <system-out/>
  <testcase classname="cucumber.testngTestRunner" name="runScenario" time="21.350"/>
  <system-out/>
  <testcase classname="cucumber.testngTestRunner" name="runScenario" time="41.773"/>
  <system-out/>
  <testcase classname="cucumber.testngTestRunner" name="runScenario" time="43.884"/>
  <system-out/>
  <testcase classname="cucumber.testngTestRunner" name="runScenario" time="46.034"/>
  <system-out/>
</testsuite> <!-- cucumber.testngTestRunner -->
